<?xml version="1.0" encoding="UTF-8"?>
<testng-results ignored="0" total="1" passed="1" failed="0" skipped="0">
  <reporter-output>
  </reporter-output>
  <suite started-at="2021-05-10T17:51:40 IST" name="verify facebook homepage" finished-at="2021-05-10T17:52:47 IST" duration-ms="67075">
    <groups>
    </groups>
    <test started-at="2021-05-10T17:51:40 IST" name="facebook home page test" finished-at="2021-05-10T17:52:47 IST" duration-ms="67075">
      <class name="com.selenium.basic.InvokeBrowserDynamically">
        <test-method is-config="true" signature="OpenBrowser(java.lang.String)[pri:0, instance:com.selenium.basic.InvokeBrowserDynamically@11bd0f3b]" started-at="2021-05-10T17:51:40 IST" name="OpenBrowser" finished-at="2021-05-10T17:52:24 IST" duration-ms="43919" status="PASS">
          <params>
            <param index="0">
              <value>
                <![CDATA[firefox]]>
              </value>
            </param>
          </params>
          <reporter-output>
          </reporter-output>
        </test-method> <!-- OpenBrowser -->
        <test-method signature="verifyFaceBookHomePage()[pri:0, instance:com.selenium.basic.InvokeBrowserDynamically@11bd0f3b]" started-at="2021-05-10T17:52:24 IST" name="verifyFaceBookHomePage" finished-at="2021-05-10T17:52:43 IST" duration-ms="19285" status="PASS">
          <reporter-output>
          </reporter-output>
        </test-method> <!-- verifyFaceBookHomePage -->
        <test-method is-config="true" signature="quitBrowser()[pri:0, instance:com.selenium.basic.InvokeBrowserDynamically@11bd0f3b]" started-at="2021-05-10T17:52:43 IST" name="quitBrowser" finished-at="2021-05-10T17:52:47 IST" duration-ms="3790" status="PASS">
          <reporter-output>
          </reporter-output>
        </test-method> <!-- quitBrowser -->
      </class> <!-- com.selenium.basic.InvokeBrowserDynamically -->
    </test> <!-- facebook home page test -->
  </suite> <!-- verify facebook homepage -->
</testng-results>
